<?xml version="1.0" encoding="UTF-8"?>
<!-- Generated by org.testng.reporters.JUnitXMLReporter -->
<testsuite ignored="4" hostname="shabana-MacBookPro" failures="0" tests="13" name="ChromeTest" time="123.0" errors="0" timestamp="2023-07-09T00:35:26 IST">
  <testcase classname="ExecutePageClasses.LoginPageTestClass" name="verifyUnSuccessfulLogin" time="0.627"/>
  <testcase classname="ExecutePageClasses.LoginPageTestClass" name="verifyUnSuccessfulLogin" time="0.561"/>
  <testcase classname="ExecutePageClasses.LoginPageTestClass" name="verifyUnSuccessfulLogin" time="1.708"/>
  <testcase classname="ExecutePageClasses.LoginPageTestClass" name="verifySuccessfulLogin" time="2.351"/>
  <testcase classname="ExecutePageClasses.LoginPageTestClass" name="verifyRememberMeCheckBoxIsSlectedOrNot" time="0.055"/>
  <testcase classname="ExecutePageClasses.HomePageTestClass" name="verifyAllTileDisplayed" time="1.361"/>
  <testcase classname="ExecutePageClasses.ManageExpenseNewTest" name="clickManageExpenseAndIsDisplayedOrNot" time="1.522"/>
  <testcase classname="ExecutePageClasses.ManageExpenseNewTest" name="createNewMangeExpense" time="10.686"/>
  <testcase classname="ExecutePageClasses.ManageExpenseNewTest" name="searchCreatedNewMangeExpense" time="4.121"/>
  <testcase classname="ExecutePageClasses.ManagaProductTestPage" name="verifyToSearchaProduct" time="2.819"/>
  <testcase classname="ExecutePageClasses.ExpenseCategoryTestClass" name="verifyToCreateNewExpense" time="1.912"/>
  <testcase classname="ExecutePageClasses.ExpenseCategoryTestClass" name="verifyToSearchCreatedExpense" time="1.87"/>
  <testcase classname="ExecutePageClasses.ExpenseCategoryTestClass" name="verifyToDeleteCreatedExpense" time="2.085"/>
  <testcase classname="ExecutePageClasses.BaseClassTest" name="@BeforeSuite createReport" time="0.0">
    <ignored/>
  </testcase> <!-- @BeforeSuite createReport -->
  <testcase classname="ExecutePageClasses.BaseClassTest" name="@BeforeSuite createReport" time="0.0">
    <ignored/>
  </testcase> <!-- @BeforeSuite createReport -->
  <testcase classname="ExecutePageClasses.BaseClassTest" name="@BeforeSuite createReport" time="0.0">
    <ignored/>
  </testcase> <!-- @BeforeSuite createReport -->
  <testcase classname="ExecutePageClasses.BaseClassTest" name="@BeforeSuite createReport" time="0.0">
    <ignored/>
  </testcase> <!-- @BeforeSuite createReport -->
</testsuite> <!-- ChromeTest -->
