<?xml version="1.0" encoding="UTF-8"?>
<!-- Generated by org.testng.reporters.JUnitXMLReporter -->
<testsuite ignored="4" hostname="shabana-MacBookPro" failures="0" tests="13" name="EdgeTest" time="2.897" errors="0" timestamp="2023-07-08T00:24:58 IST">
  <testcase classname="ExecutePageClasses.LoginPageTestClass" name="verifyUnSuccessfulLogin" time="0.0">
    <skipped/>
  </testcase> <!-- verifyUnSuccessfulLogin -->
  <testcase classname="ExecutePageClasses.LoginPageTestClass" name="verifyUnSuccessfulLogin" time="0.001">
    <skipped/>
  </testcase> <!-- verifyUnSuccessfulLogin -->
  <testcase classname="ExecutePageClasses.LoginPageTestClass" name="verifyUnSuccessfulLogin" time="0.001">
    <skipped/>
  </testcase> <!-- verifyUnSuccessfulLogin -->
  <testcase classname="ExecutePageClasses.LoginPageTestClass" name="verifySuccessfulLogin" time="0.0">
    <skipped/>
  </testcase> <!-- verifySuccessfulLogin -->
  <testcase classname="ExecutePageClasses.LoginPageTestClass" name="verifyRememberMeCheckBoxIsSlectedOrNot" time="0.0">
    <skipped/>
  </testcase> <!-- verifyRememberMeCheckBoxIsSlectedOrNot -->
  <testcase classname="ExecutePageClasses.HomePageTestClass" name="verifyAllTileDisplayed" time="0.0">
    <skipped/>
  </testcase> <!-- verifyAllTileDisplayed -->
  <testcase classname="ExecutePageClasses.ManageExpenseNewTest" name="clickManageExpenseAndIsDisplayedOrNot" time="0.001">
    <skipped/>
  </testcase> <!-- clickManageExpenseAndIsDisplayedOrNot -->
  <testcase classname="ExecutePageClasses.ManageExpenseNewTest" name="createNewMangeExpense" time="0.0">
    <skipped/>
  </testcase> <!-- createNewMangeExpense -->
  <testcase classname="ExecutePageClasses.ManageExpenseNewTest" name="searchCreatedNewMangeExpense" time="0.0">
    <skipped/>
  </testcase> <!-- searchCreatedNewMangeExpense -->
  <testcase classname="ExecutePageClasses.ManagaProductTestPage" name="verifyToSearchaProduct" time="0.0">
    <skipped/>
  </testcase> <!-- verifyToSearchaProduct -->
  <testcase classname="ExecutePageClasses.ExpenseCategoryTestClass" name="verifyToCreateNewExpense" time="0.0">
    <skipped/>
  </testcase> <!-- verifyToCreateNewExpense -->
  <testcase classname="ExecutePageClasses.ExpenseCategoryTestClass" name="verifyToSearchCreatedExpense" time="0.001">
    <skipped/>
  </testcase> <!-- verifyToSearchCreatedExpense -->
  <testcase classname="ExecutePageClasses.ExpenseCategoryTestClass" name="verifyToDeleteCreatedExpense" time="0.0">
    <skipped/>
  </testcase> <!-- verifyToDeleteCreatedExpense -->
  <testcase classname="ExecutePageClasses.BaseClassTest" name="@BeforeSuite createReport" time="0.0">
    <ignored/>
  </testcase> <!-- @BeforeSuite createReport -->
  <testcase classname="ExecutePageClasses.BaseClassTest" name="@BeforeSuite createReport" time="0.0">
    <ignored/>
  </testcase> <!-- @BeforeSuite createReport -->
  <testcase classname="ExecutePageClasses.BaseClassTest" name="@BeforeSuite createReport" time="0.0">
    <ignored/>
  </testcase> <!-- @BeforeSuite createReport -->
  <testcase classname="ExecutePageClasses.BaseClassTest" name="@BeforeSuite createReport" time="0.0">
    <ignored/>
  </testcase> <!-- @BeforeSuite createReport -->
</testsuite> <!-- EdgeTest -->
